This file contains any messages produced by compilers while
running configure, to aid debugging if configure makes a mistake.

It was created by bst configure 1.0, which was
generated by GNU Autoconf 2.71.  Invocation command line was

  $ ./configure

## --------- ##
## Platform. ##
## --------- ##

hostname = Gouris-MacBook-Air.local
uname -m = x86_64
uname -r = 21.6.0
uname -s = Darwin
uname -v = Darwin Kernel Version 21.6.0: Mon Aug 22 20:17:10 PDT 2022; root:xnu-8020.140.49~2/RELEASE_X86_64

/usr/bin/uname -p = i386
/bin/uname -X     = unknown

/bin/arch              = unknown
/usr/bin/arch -k       = unknown
/usr/convex/getsysinfo = unknown
/usr/bin/hostinfo      = Mach kernel version:
	 Darwin Kernel Version 21.6.0: Mon Aug 22 20:17:10 PDT 2022; root:xnu-8020.140.49~2/RELEASE_X86_64
Kernel configured for up to 4 processors.
2 processors are physically available.
4 processors are logically available.
Processor type: x86_64h (Intel x86-64h Haswell)
Processors active: 0 1 2 3
Primary memory available: 8.00 gigabytes
Default processor set: 464 tasks, 1693 threads, 4 processors
Load average: 1.57, Mach factor: 2.41
/bin/machine           = unknown
/usr/bin/oslevel       = unknown
/bin/universe          = unknown

PATH: /Library/Frameworks/Python.framework/Versions/3.8/bin/
PATH: /usr/local/bin/
PATH: /usr/bin/
PATH: /bin/
PATH: /usr/sbin/
PATH: /sbin/


## ----------- ##
## Core tests. ##
## ----------- ##

configure:2094: looking for aux files: compile missing install-sh
configure:2107:  trying ./
configure:2136:   ./compile found
configure:2136:   ./missing found
configure:2118:   ./install-sh found
configure:2265: checking for a BSD-compatible install
configure:2338: result: /usr/bin/install -c
configure:2349: checking whether build environment is sane
configure:2404: result: yes
configure:2563: checking for a race-free mkdir -p
configure:2607: result: ./install-sh -c -d
configure:2614: checking for gawk
configure:2649: result: no
configure:2614: checking for mawk
configure:2649: result: no
configure:2614: checking for nawk
configure:2649: result: no
configure:2614: checking for awk
configure:2635: found /usr/bin/awk
configure:2646: result: awk
configure:2657: checking whether make sets $(MAKE)
configure:2680: result: yes
configure:2710: checking whether make supports nested variables
configure:2728: result: yes
configure:2926: checking for gcc
configure:2947: found /usr/bin/gcc
configure:2958: result: gcc
configure:3311: checking for C compiler version
configure:3320: gcc --version >&5
Apple clang version 14.0.0 (clang-1400.0.29.102)
Target: x86_64-apple-darwin21.6.0
Thread model: posix
InstalledDir: /Library/Developer/CommandLineTools/usr/bin
configure:3331: $? = 0
configure:3320: gcc -v >&5
Apple clang version 14.0.0 (clang-1400.0.29.102)
Target: x86_64-apple-darwin21.6.0
Thread model: posix
InstalledDir: /Library/Developer/CommandLineTools/usr/bin
configure:3331: $? = 0
configure:3320: gcc -V >&5
clang: error: argument to '-V' is missing (expected 1 value)
clang: error: no input files
configure:3331: $? = 1
configure:3320: gcc -qversion >&5
clang: error: unknown argument '-qversion'; did you mean '--version'?
clang: error: no input files
configure:3331: $? = 1
configure:3320: gcc -version >&5
clang: error: unknown argument '-version'; did you mean '--version'?
clang: error: no input files
configure:3331: $? = 1
configure:3351: checking whether the C compiler works
configure:3373: gcc    conftest.c  >&5
configure:3377: $? = 0
configure:3427: result: yes
configure:3430: checking for C compiler default output file name
configure:3432: result: a.out
configure:3438: checking for suffix of executables
configure:3445: gcc -o conftest    conftest.c  >&5
configure:3449: $? = 0
configure:3472: result: 
configure:3494: checking whether we are cross compiling
configure:3502: gcc -o conftest    conftest.c  >&5
configure:3506: $? = 0
configure:3513: ./conftest
configure:3517: $? = 0
configure:3532: result: no
configure:3537: checking for suffix of object files
configure:3560: gcc -c   conftest.c >&5
configure:3564: $? = 0
configure:3586: result: o
configure:3590: checking whether the compiler supports GNU C
configure:3610: gcc -c   conftest.c >&5
configure:3610: $? = 0
configure:3620: result: yes
configure:3631: checking whether gcc accepts -g
configure:3652: gcc -c -g  conftest.c >&5
configure:3652: $? = 0
configure:3696: result: yes
configure:3716: checking for gcc option to enable C11 features
configure:3731: gcc  -c -g -O2  conftest.c >&5
configure:3731: $? = 0
configure:3749: result: none needed
configure:3865: checking whether gcc understands -c and -o together
configure:3888: gcc -c conftest.c -o conftest2.o
configure:3891: $? = 0
configure:3888: gcc -c conftest.c -o conftest2.o
configure:3891: $? = 0
configure:3903: result: yes
configure:3923: checking whether make supports the include directive
configure:3938: make -f confmf.GNU && cat confinc.out
this is the am__doit target
configure:3941: $? = 0
configure:3960: result: yes (GNU style)
configure:3986: checking dependency style of gcc
configure:4098: result: gcc3
configure:4260: checking that generated files are newer than configure
configure:4266: result: done
configure:4289: creating ./config.status

## ---------------------- ##
## Running config.status. ##
## ---------------------- ##

This file was extended by bst config.status 1.0, which was
generated by GNU Autoconf 2.71.  Invocation command line was

  CONFIG_FILES    = 
  CONFIG_HEADERS  = 
  CONFIG_LINKS    = 
  CONFIG_COMMANDS = 
  $ ./config.status 

on Gouris-MacBook-Air.local

config.status:769: creating Makefile
config.status:941: executing depfiles commands
config.status:1018: cd .       && sed -e '/# am--include-marker/d' Makefile         | make -f - am--depfiles
config.status:1023: $? = 0

## ---------------- ##
## Cache variables. ##
## ---------------- ##

ac_cv_c_compiler_gnu=yes
ac_cv_env_CC_set=
ac_cv_env_CC_value=
ac_cv_env_CFLAGS_set=
ac_cv_env_CFLAGS_value=
ac_cv_env_CPPFLAGS_set=
ac_cv_env_CPPFLAGS_value=
ac_cv_env_LDFLAGS_set=
ac_cv_env_LDFLAGS_value=
ac_cv_env_LIBS_set=
ac_cv_env_LIBS_value=
ac_cv_env_build_alias_set=
ac_cv_env_build_alias_value=
ac_cv_env_host_alias_set=
ac_cv_env_host_alias_value=
ac_cv_env_target_alias_set=
ac_cv_env_target_alias_value=
ac_cv_objext=o
ac_cv_path_install='/usr/bin/install -c'
ac_cv_prog_AWK=awk
ac_cv_prog_ac_ct_CC=gcc
ac_cv_prog_cc_c11=
ac_cv_prog_cc_g=yes
ac_cv_prog_cc_stdc=
ac_cv_prog_make_make_set=yes
am_cv_CC_dependencies_compiler_type=gcc3
am_cv_make_support_nested_variables=yes
am_cv_prog_cc_c_o=yes

## ----------------- ##
## Output variables. ##
## ----------------- ##

ACLOCAL='${SHELL} '\''/Users/gouri/Desktop/test/missing'\'' aclocal-1.16'
AMDEPBACKSLASH='\'
AMDEP_FALSE='#'
AMDEP_TRUE=''
AMTAR='$${TAR-tar}'
AM_BACKSLASH='\'
AM_DEFAULT_V='$(AM_DEFAULT_VERBOSITY)'
AM_DEFAULT_VERBOSITY='1'
AM_V='$(V)'
AUTOCONF='${SHELL} '\''/Users/gouri/Desktop/test/missing'\'' autoconf'
AUTOHEADER='${SHELL} '\''/Users/gouri/Desktop/test/missing'\'' autoheader'
AUTOMAKE='${SHELL} '\''/Users/gouri/Desktop/test/missing'\'' automake-1.16'
AWK='awk'
CC='gcc'
CCDEPMODE='depmode=gcc3'
CFLAGS='-g -O2'
CPPFLAGS=''
CSCOPE='cscope'
CTAGS='ctags'
CYGPATH_W='echo'
DEFS='-DPACKAGE_NAME=\"bst\" -DPACKAGE_TARNAME=\"bst\" -DPACKAGE_VERSION=\"1.0\" -DPACKAGE_STRING=\"bst\ 1.0\" -DPACKAGE_BUGREPORT=\"\" -DPACKAGE_URL=\"\" -DPACKAGE=\"bst\" -DVERSION=\"1.0\"'
DEPDIR='.deps'
ECHO_C='\c'
ECHO_N=''
ECHO_T=''
ETAGS='etags'
EXEEXT=''
INSTALL_DATA='${INSTALL} -m 644'
INSTALL_PROGRAM='${INSTALL}'
INSTALL_SCRIPT='${INSTALL}'
INSTALL_STRIP_PROGRAM='$(install_sh) -c -s'
LDFLAGS=''
LIBOBJS=''
LIBS=''
LTLIBOBJS=''
MAKEINFO='${SHELL} '\''/Users/gouri/Desktop/test/missing'\'' makeinfo'
MKDIR_P='./install-sh -c -d'
OBJEXT='o'
PACKAGE='bst'
PACKAGE_BUGREPORT=''
PACKAGE_NAME='bst'
PACKAGE_STRING='bst 1.0'
PACKAGE_TARNAME='bst'
PACKAGE_URL=''
PACKAGE_VERSION='1.0'
PATH_SEPARATOR=':'
SET_MAKE=''
SHELL='/bin/sh'
STRIP=''
VERSION='1.0'
ac_ct_CC='gcc'
am__EXEEXT_FALSE=''
am__EXEEXT_TRUE='#'
am__fastdepCC_FALSE='#'
am__fastdepCC_TRUE=''
am__include='include'
am__isrc=''
am__leading_dot='.'
am__nodep='_no'
am__quote=''
am__tar='$${TAR-tar} chof - "$$tardir"'
am__untar='$${TAR-tar} xf -'
bindir='${exec_prefix}/bin'
build_alias=''
datadir='${datarootdir}'
datarootdir='${prefix}/share'
docdir='${datarootdir}/doc/${PACKAGE_TARNAME}'
dvidir='${docdir}'
exec_prefix='${prefix}'
host_alias=''
htmldir='${docdir}'
includedir='${prefix}/include'
infodir='${datarootdir}/info'
install_sh='${SHELL} /Users/gouri/Desktop/test/install-sh'
libdir='${exec_prefix}/lib'
libexecdir='${exec_prefix}/libexec'
localedir='${datarootdir}/locale'
localstatedir='${prefix}/var'
mandir='${datarootdir}/man'
mkdir_p='$(MKDIR_P)'
oldincludedir='/usr/include'
pdfdir='${docdir}'
prefix='/usr/local'
program_transform_name='s,x,x,'
psdir='${docdir}'
runstatedir='${localstatedir}/run'
sbindir='${exec_prefix}/sbin'
sharedstatedir='${prefix}/com'
sysconfdir='${prefix}/etc'
target_alias=''

## ----------- ##
## confdefs.h. ##
## ----------- ##

/* confdefs.h */
#define PACKAGE_NAME "bst"
#define PACKAGE_TARNAME "bst"
#define PACKAGE_VERSION "1.0"
#define PACKAGE_STRING "bst 1.0"
#define PACKAGE_BUGREPORT ""
#define PACKAGE_URL ""
#define PACKAGE "bst"
#define VERSION "1.0"

configure: exit 0
